0 info it worked if it ends with ok
1 verbose cli [ 'c:\\Program Files\\nodejs\\node.exe',
1 verbose cli   'c:\\Program Files\\nodejs\\node_modules\\npm\\bin\\npm-cli.js',
1 verbose cli   'install',
1 verbose cli   'karma-phantom-launcher' ]
2 info using npm@1.4.28
3 info using node@v0.10.35
4 verbose readDependencies using package.json deps
5 verbose cache add [ 'karma-phantom-launcher', null ]
6 verbose cache add name=undefined spec="karma-phantom-launcher" args=["karma-phantom-launcher",null]
7 verbose parsed url { protocol: null,
7 verbose parsed url   slashes: null,
7 verbose parsed url   auth: null,
7 verbose parsed url   host: null,
7 verbose parsed url   port: null,
7 verbose parsed url   hostname: null,
7 verbose parsed url   hash: null,
7 verbose parsed url   search: null,
7 verbose parsed url   query: null,
7 verbose parsed url   pathname: 'karma-phantom-launcher',
7 verbose parsed url   path: 'karma-phantom-launcher',
7 verbose parsed url   href: 'karma-phantom-launcher' }
8 silly lockFile 14e8ff10-karma-phantom-launcher karma-phantom-launcher
9 verbose lock karma-phantom-launcher C:\Users\administrator.ENDEAVOURWEBDEV\AppData\Roaming\npm-cache\14e8ff10-karma-phantom-launcher.lock
10 silly lockFile 14e8ff10-karma-phantom-launcher karma-phantom-launcher
11 silly lockFile 14e8ff10-karma-phantom-launcher karma-phantom-launcher
12 verbose addNamed [ 'karma-phantom-launcher', '' ]
13 verbose addNamed [ null, '*' ]
14 silly lockFile bde3fbb5-karma-phantom-launcher karma-phantom-launcher@
15 verbose lock karma-phantom-launcher@ C:\Users\administrator.ENDEAVOURWEBDEV\AppData\Roaming\npm-cache\bde3fbb5-karma-phantom-launcher.lock
16 silly addNameRange { name: 'karma-phantom-launcher', range: '*', hasData: false }
17 verbose request where is /karma-phantom-launcher
18 verbose request registry https://registry.npmjs.org/
19 verbose request id e5e17e7f94a703e5
20 verbose url raw /karma-phantom-launcher
21 verbose url resolving [ 'https://registry.npmjs.org/', './karma-phantom-launcher' ]
22 verbose url resolved https://registry.npmjs.org/karma-phantom-launcher
23 verbose request where is https://registry.npmjs.org/karma-phantom-launcher
24 info trying registry request attempt 1 at 07:59:44
25 http GET https://registry.npmjs.org/karma-phantom-launcher
26 http 404 https://registry.npmjs.org/karma-phantom-launcher
27 verbose headers { date: 'Thu, 09 Apr 2015 14:59:45 GMT',
27 verbose headers   server: 'CouchDB/1.5.0 (Erlang OTP/R16B03)',
27 verbose headers   'content-type': 'application/json',
27 verbose headers   'cache-control': 'max-age=0',
27 verbose headers   'content-length': '51',
27 verbose headers   'accept-ranges': 'bytes',
27 verbose headers   via: '1.1 varnish',
27 verbose headers   age: '0',
27 verbose headers   'x-served-by': 'cache-iad2136-IAD',
27 verbose headers   'x-cache': 'MISS',
27 verbose headers   'x-cache-hits': '0',
27 verbose headers   'x-timer': 'S1428591585.487461,VS0,VE91',
27 verbose headers   'keep-alive': 'timeout=10, max=50',
27 verbose headers   connection: 'Keep-Alive' }
28 silly registry.get cb [ 404,
28 silly registry.get   { date: 'Thu, 09 Apr 2015 14:59:45 GMT',
28 silly registry.get     server: 'CouchDB/1.5.0 (Erlang OTP/R16B03)',
28 silly registry.get     'content-type': 'application/json',
28 silly registry.get     'cache-control': 'max-age=0',
28 silly registry.get     'content-length': '51',
28 silly registry.get     'accept-ranges': 'bytes',
28 silly registry.get     via: '1.1 varnish',
28 silly registry.get     age: '0',
28 silly registry.get     'x-served-by': 'cache-iad2136-IAD',
28 silly registry.get     'x-cache': 'MISS',
28 silly registry.get     'x-cache-hits': '0',
28 silly registry.get     'x-timer': 'S1428591585.487461,VS0,VE91',
28 silly registry.get     'keep-alive': 'timeout=10, max=50',
28 silly registry.get     connection: 'Keep-Alive' } ]
29 silly lockFile bde3fbb5-karma-phantom-launcher karma-phantom-launcher@
30 silly lockFile bde3fbb5-karma-phantom-launcher karma-phantom-launcher@
31 error 404 404 Not Found: karma-phantom-launcher
31 error 404
31 error 404 'karma-phantom-launcher' is not in the npm registry.
31 error 404 You should bug the author to publish it
31 error 404 It was specified as a dependency of 'angularjs-seed'
31 error 404
31 error 404 Note that you can also install from a
31 error 404 tarball, folder, or http url, or git url.
32 error System Windows_NT 6.1.7601
33 error command "c:\\Program Files\\nodejs\\node.exe" "c:\\Program Files\\nodejs\\node_modules\\npm\\bin\\npm-cli.js" "install" "karma-phantom-launcher"
34 error cwd c:\development\github\contactbook\contactbook\contactbook.web
35 error node -v v0.10.35
36 error npm -v 1.4.28
37 error code E404
38 verbose exit [ 1, true ]
